Sender: LSF System <lsfadmin@polus-c4-ib.bmc.hpc.cs.msu.ru>
Subject: Job 520727: <mpirun ./solution 2048 20 4 5> in cluster <MSUCluster> Done

Job <mpirun ./solution 2048 20 4 5> was submitted from host <polus-ib.bmc.hpc.cs.msu.ru> by user <edu-cmc-skmodel19-623-03> in cluster <MSUCluster> at Fri Dec 13 15:05:44 2019
Job was executed on host(s) <20*polus-c4-ib.bmc.hpc.cs.msu.ru>, in queue <short>, as user <edu-cmc-skmodel19-623-03> in cluster <MSUCluster> at Fri Dec 13 15:05:44 2019
</home_edu/edu-cmc-skmodel19-623/edu-cmc-skmodel19-623-03> was used as the home directory.
</home_edu/edu-cmc-skmodel19-623/edu-cmc-skmodel19-623-03/SS/parabolic> was used as the working directory.
Started at Fri Dec 13 15:05:44 2019
Terminated at Fri Dec 13 15:05:47 2019
Results reported at Fri Dec 13 15:05:47 2019

Your job looked like:

------------------------------------------------------------
# LSBATCH: User input
mpirun ./solution 2048 20 4 5
------------------------------------------------------------

Successfully completed.

Resource usage summary:

    CPU time :                                   34.95 sec.
    Max Memory :                                 1200 MB
    Average Memory :                             800.33 MB
    Total Requested Memory :                     -
    Delta Memory :                               -
    Max Swap :                                   -
    Max Processes :                              23
    Max Threads :                                68
    Run time :                                   4 sec.
    Turnaround time :                            3 sec.

The output (if any) follows:

2.38652e-10 < 2.38652e-07; stability criterion passed
20 iterations disrepancy: 2.44329e-10
Grid size: 2048
MPI processes: 20
Time: 1.56091
