Sender: LSF System <lsfadmin@polus-c1-ib.bmc.hpc.cs.msu.ru>
Subject: Job 520743: <mpirun ./solution 8192 20 4 5> in cluster <MSUCluster> Done

Job <mpirun ./solution 8192 20 4 5> was submitted from host <polus-ib.bmc.hpc.cs.msu.ru> by user <edu-cmc-skmodel19-623-03> in cluster <MSUCluster> at Fri Dec 13 15:16:49 2019
Job was executed on host(s) <20*polus-c1-ib.bmc.hpc.cs.msu.ru>, in queue <short>, as user <edu-cmc-skmodel19-623-03> in cluster <MSUCluster> at Fri Dec 13 15:25:48 2019
</home_edu/edu-cmc-skmodel19-623/edu-cmc-skmodel19-623-03> was used as the home directory.
</home_edu/edu-cmc-skmodel19-623/edu-cmc-skmodel19-623-03/SS/parabolic> was used as the working directory.
Started at Fri Dec 13 15:25:48 2019
Terminated at Fri Dec 13 15:26:11 2019
Results reported at Fri Dec 13 15:26:11 2019

Your job looked like:

------------------------------------------------------------
# LSBATCH: User input
mpirun ./solution 8192 20 4 5
------------------------------------------------------------

Successfully completed.

Resource usage summary:

    CPU time :                                   419.48 sec.
    Max Memory :                                 3126 MB
    Average Memory :                             2039.60 MB
    Total Requested Memory :                     -
    Delta Memory :                               -
    Max Swap :                                   -
    Max Processes :                              23
    Max Threads :                                68
    Run time :                                   22 sec.
    Turnaround time :                            562 sec.

The output (if any) follows:

1.49048e-11 < 1.49048e-08; stability criterion passed
20 iterations disrepancy: 1.52593e-11
Grid size: 8192
MPI processes: 20
Time: 19.4829
