Sender: LSF System <lsfadmin@polus-c3-ib.bmc.hpc.cs.msu.ru>
Subject: Job 521282: <mpirun ./solution 8192 20 5 8> in cluster <MSUCluster> Done

Job <mpirun ./solution 8192 20 5 8> was submitted from host <polus-ib.bmc.hpc.cs.msu.ru> by user <edu-cmc-skmodel19-623-03> in cluster <MSUCluster> at Fri Dec 13 19:35:33 2019
Job was executed on host(s) <20*polus-c3-ib.bmc.hpc.cs.msu.ru>, in queue <short>, as user <edu-cmc-skmodel19-623-03> in cluster <MSUCluster> at Fri Dec 13 20:16:52 2019
                            <20*polus-c4-ib.bmc.hpc.cs.msu.ru>
</home_edu/edu-cmc-skmodel19-623/edu-cmc-skmodel19-623-03> was used as the home directory.
</home_edu/edu-cmc-skmodel19-623/edu-cmc-skmodel19-623-03/SS/parabolic> was used as the working directory.
Started at Fri Dec 13 20:16:52 2019
Terminated at Fri Dec 13 20:17:06 2019
Results reported at Fri Dec 13 20:17:06 2019

Your job looked like:

------------------------------------------------------------
# LSBATCH: User input
mpirun ./solution 8192 20 5 8
------------------------------------------------------------

Successfully completed.

Resource usage summary:

    CPU time :                                   461.10 sec.
    Max Memory :                                 2116 MB
    Average Memory :                             1587.25 MB
    Total Requested Memory :                     -
    Delta Memory :                               -
    Max Swap :                                   -
    Max Processes :                              23
    Max Threads :                                68
    Run time :                                   18 sec.
    Turnaround time :                            2493 sec.

The output (if any) follows:

1.49048e-11 < 1.49048e-08; stability criterion passed
20 iterations disrepancy: 1.52593e-11
Grid size: 8192
MPI processes: 40
Time: 10.6568
