Sender: LSF System <lsfadmin@polus-c2-ib.bmc.hpc.cs.msu.ru>
Subject: Job 520742: <mpirun ./solution 8192 20 2 5> in cluster <MSUCluster> Done

Job <mpirun ./solution 8192 20 2 5> was submitted from host <polus-ib.bmc.hpc.cs.msu.ru> by user <edu-cmc-skmodel19-623-03> in cluster <MSUCluster> at Fri Dec 13 15:16:40 2019
Job was executed on host(s) <10*polus-c2-ib.bmc.hpc.cs.msu.ru>, in queue <short>, as user <edu-cmc-skmodel19-623-03> in cluster <MSUCluster> at Fri Dec 13 15:16:41 2019
</home_edu/edu-cmc-skmodel19-623/edu-cmc-skmodel19-623-03> was used as the home directory.
</home_edu/edu-cmc-skmodel19-623/edu-cmc-skmodel19-623-03/SS/parabolic> was used as the working directory.
Started at Fri Dec 13 15:16:41 2019
Terminated at Fri Dec 13 15:18:40 2019
Results reported at Fri Dec 13 15:18:40 2019

Your job looked like:

------------------------------------------------------------
# LSBATCH: User input
mpirun ./solution 8192 20 2 5
------------------------------------------------------------

Successfully completed.

Resource usage summary:

    CPU time :                                   1175.40 sec.
    Max Memory :                                 2594 MB
    Average Memory :                             2289.84 MB
    Total Requested Memory :                     -
    Delta Memory :                               -
    Max Swap :                                   -
    Max Processes :                              13
    Max Threads :                                38
    Run time :                                   119 sec.
    Turnaround time :                            120 sec.

The output (if any) follows:

1.49048e-11 < 1.49048e-08; stability criterion passed
20 iterations disrepancy: 1.52593e-11
Grid size: 8192
MPI processes: 10
Time: 110.86
