Sender: LSF System <lsfadmin@polus-c4-ib.bmc.hpc.cs.msu.ru>
Subject: Job 520353: <# this file was automaticly created by mpisubmit.pl script for edu-cmc-skmodel19-623-03 #;source /polusfs/setenv/setup.SMPI;#BSUB -n 1;#BSUB -W 00:20;#BSUB -o solution.%J.out;#BSUB -e solution.%J.err;OMP_NUM_THREADS=1 mpiexec solution 8192 10 1 1 1> in cluster <MSUCluster> Done

Job <# this file was automaticly created by mpisubmit.pl script for edu-cmc-skmodel19-623-03 #;source /polusfs/setenv/setup.SMPI;#BSUB -n 1;#BSUB -W 00:20;#BSUB -o solution.%J.out;#BSUB -e solution.%J.err;OMP_NUM_THREADS=1 mpiexec solution 8192 10 1 1 1> was submitted from host <polus-ib.bmc.hpc.cs.msu.ru> by user <edu-cmc-skmodel19-623-03> in cluster <MSUCluster> at Fri Dec 13 01:33:15 2019
Job was executed on host(s) <polus-c4-ib.bmc.hpc.cs.msu.ru>, in queue <short>, as user <edu-cmc-skmodel19-623-03> in cluster <MSUCluster> at Fri Dec 13 01:41:51 2019
</home_edu/edu-cmc-skmodel19-623/edu-cmc-skmodel19-623-03> was used as the home directory.
</home_edu/edu-cmc-skmodel19-623/edu-cmc-skmodel19-623-03/SS/parabolic> was used as the working directory.
Started at Fri Dec 13 01:41:51 2019
Terminated at Fri Dec 13 01:47:27 2019
Results reported at Fri Dec 13 01:47:27 2019

Your job looked like:

------------------------------------------------------------
# LSBATCH: User input
# this file was automaticly created by mpisubmit.pl script for edu-cmc-skmodel19-623-03 #
source /polusfs/setenv/setup.SMPI
#BSUB -n 1
#BSUB -W 00:20
#BSUB -o solution.%J.out
#BSUB -e solution.%J.err
OMP_NUM_THREADS=1 mpiexec solution 8192 10 1 1 1

------------------------------------------------------------

Successfully completed.

Resource usage summary:

    CPU time :                                   176.37 sec.
    Max Memory :                                 2120 MB
    Average Memory :                             1990.44 MB
    Total Requested Memory :                     -
    Delta Memory :                               -
    Max Swap :                                   -
    Max Processes :                              5
    Max Threads :                                12
    Run time :                                   337 sec.
    Turnaround time :                            852 sec.

The output (if any) follows:

2.22507e-308 < 1.49048e-08; stability criterion passed
10 iterations disrepancy: 2.22507e-308
Grid size: 8192
MPI processes: 1
OMP Threads: 1
Time: 281.393


PS:

Read file <solution.520353.err> for stderr output of this job.

